<?xml version="1.0" encoding="UTF-8"?>
<!-- Generated by org.testng.reporters.JUnitReportReporter -->
<testsuite hostname="LAPTOP-ELHI772V" failures="0" tests="4" name="api.test.UserTests2" time="7.942" errors="0" timestamp="2025-02-24T10:50:50 IST" skipped="0">
  <testcase classname="api.test.UserTests2" name="testPostUser" time="2.603"/>
  <system-out/>
  <testcase classname="api.test.UserTests2" name="testGetUserByName" time="1.385"/>
  <system-out/>
  <testcase classname="api.test.UserTests2" name="testUpdateUserByName" time="2.622"/>
  <system-out/>
  <testcase classname="api.test.UserTests2" name="testDeleteUserByName" time="1.332"/>
  <system-out/>
</testsuite> <!-- api.test.UserTests2 -->
