<?xml version="1.0" encoding="UTF-8"?>
<!-- Generated by org.testng.reporters.JUnitReportReporter -->
<testsuite hostname="LAPTOP-ELHI772V" failures="0" tests="4" name="api.test.UserTests" time="7.972" errors="0" timestamp="2025-02-19T16:25:55 IST" skipped="0">
  <testcase classname="api.test.UserTests" name="testPostUser" time="2.750"/>
  <system-out/>
  <testcase classname="api.test.UserTests" name="testGetUserByName" time="1.373"/>
  <system-out/>
  <testcase classname="api.test.UserTests" name="testUpdateUserByName" time="2.578"/>
  <system-out/>
  <testcase classname="api.test.UserTests" name="testDeleteUserByName" time="1.271"/>
  <system-out/>
</testsuite> <!-- api.test.UserTests -->
