<?xml version="1.0" encoding="UTF-8"?>
<!-- Generated by org.testng.reporters.JUnitReportReporter -->
<testsuite hostname="LAPTOP-ELHI772V" failures="0" tests="4" name="api.test.StoreTest" time="7.380" errors="0" timestamp="2025-02-25T10:29:02 IST" skipped="0">
  <testcase classname="api.test.StoreTest" name="testGetUserByName" time="3.499"/>
  <system-out/>
  <testcase classname="api.test.StoreTest" name="testPostUser" time="1.483"/>
  <system-out/>
  <testcase classname="api.test.StoreTest" name="testGetUserByOrderID" time="1.248"/>
  <system-out/>
  <testcase classname="api.test.StoreTest" name="deleteOrderById" time="1.150"/>
  <system-out/>
</testsuite> <!-- api.test.StoreTest -->
