<?xml version="1.0" encoding="UTF-8"?>
<!-- Generated by org.testng.reporters.JUnitReportReporter -->
<testsuite hostname="LAPTOP-ELHI772V" failures="0" tests="4" name="api.test.UserTests2" time="7.020" errors="0" timestamp="2025-02-24T16:25:12 IST" skipped="0">
  <testcase classname="api.test.UserTests2" name="testPostUser" time="2.449"/>
  <system-out/>
  <testcase classname="api.test.UserTests2" name="testGetUserByName" time="1.157"/>
  <system-out/>
  <testcase classname="api.test.UserTests2" name="testUpdateUserByName" time="2.278"/>
  <system-out/>
  <testcase classname="api.test.UserTests2" name="testDeleteUserByName" time="1.136"/>
  <system-out/>
</testsuite> <!-- api.test.UserTests2 -->
