<?xml version="1.0" encoding="UTF-8"?>
<!-- Generated by org.testng.reporters.JUnitReportReporter -->
<testsuite hostname="LAPTOP-ELHI772V" failures="0" tests="6" name="api.test.PetsTest" time="9.742" errors="0" timestamp="2025-02-27T17:36:52 IST" skipped="0">
  <testcase classname="api.test.PetsTest" name="testPostPets" time="3.659"/>
  <system-out/>
  <testcase classname="api.test.PetsTest" name="testPostPetsUpload" time="1.336"/>
  <system-out/>
  <testcase classname="api.test.PetsTest" name="testputPets" time="1.157"/>
  <system-out/>
  <testcase classname="api.test.PetsTest" name="getpetstatus" time="1.249"/>
  <system-out/>
  <testcase classname="api.test.PetsTest" name="testGetpetByPetID" time="1.140"/>
  <system-out/>
  <testcase classname="api.test.PetsTest" name="deleteOrderById" time="1.201"/>
  <system-out/>
</testsuite> <!-- api.test.PetsTest -->
