<?xml version="1.0" encoding="UTF-8"?>
<!-- Generated by org.testng.reporters.JUnitReportReporter -->
<testsuite hostname="LAPTOP-ELHI772V" failures="0" tests="6" name="api.test.DDTests" time="27.474" errors="0" timestamp="2025-02-19T16:01:41 IST" skipped="0">
  <testcase classname="api.test.DDTests" name="testPostuser" time="3.912"/>
  <system-out/>
  <testcase classname="api.test.DDTests" name="testPostuser" time="16.533"/>
  <system-out/>
  <testcase classname="api.test.DDTests" name="testPostuser" time="3.472"/>
  <system-out/>
  <testcase classname="api.test.DDTests" name="testDeleteUserByName" time="1.193"/>
  <system-out/>
  <testcase classname="api.test.DDTests" name="testDeleteUserByName" time="1.186"/>
  <system-out/>
  <testcase classname="api.test.DDTests" name="testDeleteUserByName" time="1.178"/>
  <system-out/>
</testsuite> <!-- api.test.DDTests -->
