<?xml version="1.0" encoding="UTF-8"?>
<!-- Generated by org.testng.reporters.JUnitReportReporter -->
<testsuite hostname="LAPTOP-ELHI772V" failures="0" tests="4" name="api.test.StoreTest" time="15.972" errors="0" timestamp="2025-02-27T17:09:32 IST" skipped="0">
  <testcase classname="api.test.StoreTest" name="testGetUserByName" time="9.167"/>
  <system-out/>
  <testcase classname="api.test.StoreTest" name="testPostUser" time="4.088"/>
  <system-out/>
  <testcase classname="api.test.StoreTest" name="testGetUserByOrderID" time="1.286"/>
  <system-out/>
  <testcase classname="api.test.StoreTest" name="deleteOrderById" time="1.431"/>
  <system-out/>
</testsuite> <!-- api.test.StoreTest -->
