<?xml version="1.0" encoding="UTF-8"?>
<!-- Generated by org.testng.reporters.JUnitReportReporter -->
<testsuite hostname="LAPTOP-ELHI772V" failures="0" tests="1" name="api.test.UserTests" time="2.313" errors="0" timestamp="2025-02-28T12:00:37 IST" skipped="0">
  <testcase classname="api.test.UserTests" name="testGetUserByName" time="2.313"/>
  <system-out/>
</testsuite> <!-- api.test.UserTests -->
