<?xml version="1.0" encoding="UTF-8"?>
<!-- Generated by org.testng.reporters.JUnitReportReporter -->
<testsuite hostname="LAPTOP-ELHI772V" failures="0" tests="4" name="api.test.UserTests2" time="9.468" errors="0" timestamp="2025-03-24T15:02:23 IST" skipped="0">
  <testcase classname="api.test.UserTests2" name="testPostUser" time="3.615"/>
  <system-out/>
  <testcase classname="api.test.UserTests2" name="testGetUserByName" time="1.814"/>
  <system-out/>
  <testcase classname="api.test.UserTests2" name="testUpdateUserByName" time="2.803"/>
  <system-out/>
  <testcase classname="api.test.UserTests2" name="testDeleteUserByName" time="1.236"/>
  <system-out/>
</testsuite> <!-- api.test.UserTests2 -->
