<?xml version="1.0" encoding="UTF-8"?>
<!-- Generated by org.testng.reporters.JUnitReportReporter -->
<testsuite hostname="LAPTOP-ELHI772V" failures="0" tests="4" name="api.test.StoreTest" time="5.363" errors="0" timestamp="2025-02-24T16:28:25 IST" skipped="0">
  <testcase classname="api.test.StoreTest" name="testGetUserByName" time="1.341"/>
  <system-out/>
  <testcase classname="api.test.StoreTest" name="testPostUser" time="1.352"/>
  <system-out/>
  <testcase classname="api.test.StoreTest" name="testGetUserByOrderID" time="1.326"/>
  <system-out/>
  <testcase classname="api.test.StoreTest" name="deleteOrderById" time="1.344"/>
  <system-out/>
</testsuite> <!-- api.test.StoreTest -->
