<?xml version="1.0" encoding="UTF-8"?>
<!-- Generated by org.testng.reporters.JUnitReportReporter -->
<testsuite hostname="LAPTOP-ELHI772V" failures="0" tests="6" name="api.test.PetsTest" time="9.479" errors="0" timestamp="2025-03-24T15:24:56 IST" skipped="0">
  <testcase classname="api.test.PetsTest" name="testPostPets" time="2.062"/>
  <system-out/>
  <testcase classname="api.test.PetsTest" name="testPostPetsUpload" time="1.585"/>
  <system-out/>
  <testcase classname="api.test.PetsTest" name="testputPets" time="1.532"/>
  <system-out/>
  <testcase classname="api.test.PetsTest" name="getpetstatus" time="1.234"/>
  <system-out/>
  <testcase classname="api.test.PetsTest" name="testGetpetByPetID" time="1.321"/>
  <system-out/>
  <testcase classname="api.test.PetsTest" name="deleteOrderById" time="1.745"/>
  <system-out/>
</testsuite> <!-- api.test.PetsTest -->
