<?xml version="1.0" encoding="UTF-8"?>
<!-- Generated by org.testng.reporters.JUnitReportReporter -->
<testsuite hostname="LAPTOP-ELHI772V" failures="0" tests="4" name="api.test.StoreTest" time="5.945" errors="0" timestamp="2025-03-24T15:02:23 IST" skipped="0">
  <testcase classname="api.test.StoreTest" name="testGetUserByName" time="1.639"/>
  <system-out/>
  <testcase classname="api.test.StoreTest" name="testPostUser" time="1.313"/>
  <system-out/>
  <testcase classname="api.test.StoreTest" name="testGetUserByOrderID" time="1.665"/>
  <system-out/>
  <testcase classname="api.test.StoreTest" name="deleteOrderById" time="1.328"/>
  <system-out/>
</testsuite> <!-- api.test.StoreTest -->
