<?xml version="1.0" encoding="UTF-8"?>
<!-- Generated by org.testng.reporters.JUnitReportReporter -->
<testsuite hostname="LAPTOP-ELHI772V" failures="0" tests="6" name="api.test.PetsTest" time="10.762" errors="0" timestamp="2025-03-24T15:02:23 IST" skipped="0">
  <testcase classname="api.test.PetsTest" name="testPostPets" time="1.714"/>
  <system-out/>
  <testcase classname="api.test.PetsTest" name="testPostPetsUpload" time="1.735"/>
  <system-out/>
  <testcase classname="api.test.PetsTest" name="testputPets" time="1.718"/>
  <system-out/>
  <testcase classname="api.test.PetsTest" name="getpetstatus" time="1.719"/>
  <system-out/>
  <testcase classname="api.test.PetsTest" name="testGetpetByPetID" time="2.210"/>
  <system-out/>
  <testcase classname="api.test.PetsTest" name="deleteOrderById" time="1.666"/>
  <system-out/>
</testsuite> <!-- api.test.PetsTest -->
