<?xml version="1.0" encoding="UTF-8"?>
<!-- Generated by org.testng.reporters.JUnitReportReporter -->
<testsuite hostname="LAPTOP-ELHI772V" failures="0" tests="4" name="api.test.UserTests2" time="9.236" errors="0" timestamp="2025-03-24T15:24:56 IST" skipped="0">
  <testcase classname="api.test.UserTests2" name="testPostUser" time="2.913"/>
  <system-out/>
  <testcase classname="api.test.UserTests2" name="testGetUserByName" time="1.660"/>
  <system-out/>
  <testcase classname="api.test.UserTests2" name="testUpdateUserByName" time="2.891"/>
  <system-out/>
  <testcase classname="api.test.UserTests2" name="testDeleteUserByName" time="1.772"/>
  <system-out/>
</testsuite> <!-- api.test.UserTests2 -->
