<?xml version="1.0" encoding="UTF-8"?>
<!-- Generated by org.testng.reporters.JUnitReportReporter -->
<testsuite hostname="LAPTOP-ELHI772V" failures="0" tests="4" name="api.test.UserTests2" time="8.043" errors="0" timestamp="2025-02-24T11:46:28 IST" skipped="0">
  <testcase classname="api.test.UserTests2" name="testPostUser" time="3.460"/>
  <system-out/>
  <testcase classname="api.test.UserTests2" name="testGetUserByName" time="1.163"/>
  <system-out/>
  <testcase classname="api.test.UserTests2" name="testUpdateUserByName" time="2.294"/>
  <system-out/>
  <testcase classname="api.test.UserTests2" name="testDeleteUserByName" time="1.126"/>
  <system-out/>
</testsuite> <!-- api.test.UserTests2 -->
