<?xml version="1.0" encoding="UTF-8"?>
<!-- Generated by org.testng.reporters.JUnitReportReporter -->
<testsuite hostname="LAPTOP-ELHI772V" failures="0" tests="4" name="api.test.StoreTest" time="4.669" errors="0" timestamp="2025-02-25T12:20:06 IST" skipped="0">
  <testcase classname="api.test.StoreTest" name="testGetUserByName" time="1.140"/>
  <system-out/>
  <testcase classname="api.test.StoreTest" name="testPostUser" time="1.200"/>
  <system-out/>
  <testcase classname="api.test.StoreTest" name="testGetUserByOrderID" time="1.169"/>
  <system-out/>
  <testcase classname="api.test.StoreTest" name="deleteOrderById" time="1.160"/>
  <system-out/>
</testsuite> <!-- api.test.StoreTest -->
